<?xml version="1.0" encoding="UTF-8"?>
<!-- Generated by org.testng.reporters.JUnitReportReporter -->
<testsuite hostname="DESKTOP-OJHRA2O" failures="0" tests="7" name="com.grandhi.banking.task2.Task2TestCase1" time="48.830" errors="0" timestamp="01 Dec 2021 20:33:56 GMT" skipped="0">
  <testcase classname="com.grandhi.banking.task2.Task2TestCase1" name="openAppilication" time="45.675"/>
  <testcase classname="com.grandhi.banking.task2.Task2TestCase1" name="loginAsACustomer" time="0.057"/>
  <testcase classname="com.grandhi.banking.task2.Task2TestCase1" name="loggingIn" time="0.206"/>
  <testcase classname="com.grandhi.banking.task2.Task2TestCase1" name="deposit" time="0.474"/>
  <testcase classname="com.grandhi.banking.task2.Task2TestCase1" name="validation" time="2.130"/>
  <testcase classname="com.grandhi.banking.task2.Task2TestCase1" name="logout" time="0.091"/>
  <testcase classname="com.grandhi.banking.task2.Task2TestCase1" name="closingtheBrowser" time="0.197"/>
</testsuite> <!-- com.grandhi.banking.task2.Task2TestCase1 -->
